<?xml version="1.0" encoding="UTF-8"?>
<!-- Generated by org.testng.reporters.JUnitReportReporter -->
<testsuite skipped="0" hostname="P5-H7Z2T72" name="exc_testng.Demo2_FethchAllLink" tests="1" failures="0" timestamp="24 Jul 2019 12:12:20 GMT" time="0.742" errors="0">
  <testcase name="f" time="0.742" classname="exc_testng.Demo2_FethchAllLink"/>
</testsuite> <!-- exc_testng.Demo2_FethchAllLink -->
