<?xml version="1.0" encoding="UTF-8"?>
<!-- Generated by org.testng.reporters.JUnitReportReporter -->
<testsuite skipped="0" hostname="P5-H7Z2T72" name="team_FixIt_Case_Study.Case_study3" tests="1" failures="0" timestamp="26 Jul 2019 09:24:38 GMT" time="8.867" errors="0">
  <testcase name="testRegistration" time="8.867" classname="team_FixIt_Case_Study.Case_study3"/>
</testsuite> <!-- team_FixIt_Case_Study.Case_study3 -->
