<?xml version="1.0" encoding="UTF-8"?>
<!-- Generated by org.testng.reporters.JUnitReportReporter -->
<testsuite skipped="0" hostname="P5-H7Z2T72" name="exc_testng.TestMeApp" tests="1" failures="0" timestamp="24 Jul 2019 12:04:50 GMT" time="4.440" errors="0">
  <testcase name="f" time="4.440" classname="exc_testng.TestMeApp"/>
</testsuite> <!-- exc_testng.TestMeApp -->
