<?xml version="1.0" encoding="UTF-8"?>
<!-- Generated by org.testng.reporters.JUnitReportReporter -->
<testsuite skipped="0" hostname="P5-H7Z2T72" name="exc_testng.Module5_EXC" tests="1" failures="0" timestamp="26 Jul 2019 04:13:46 GMT" time="13.011" errors="0">
  <testcase name="f" time="13.011" classname="exc_testng.Module5_EXC"/>
</testsuite> <!-- exc_testng.Module5_EXC -->
